<?xml version="1.0" encoding="UTF-8"?>
<testsuite name="com.jojodu.book.springboot.web.HelloResponseDtoTest" tests="1" skipped="0" failures="0" errors="0" timestamp="2020-04-28T09:09:07" hostname="DESKTOP-6S6LHF0" time="0.004">
  <properties/>
  <testcase name="룸복_기능_테스트" classname="com.jojodu.book.springboot.web.HelloResponseDtoTest" time="0.004"/>
  <system-out><![CDATA[]]></system-out>
  <system-err><![CDATA[]]></system-err>
</testsuite>
